Arguments: 
  C:\Program Files\nodejs\node.exe C:\Users\Umar Firoz\AppData\Roaming\npm\node_modules\yarn\bin\yarn.js add @atlaskit/css-reset

PATH: 
  C:\Program Files (x86)\Common Files\Oracle\Java\javapath;C:\Windows\system32;C:\Windows;C:\Windows\System32\Wbem;C:\Windows\System32\WindowsPowerShell\v1.0\;C:\Windows\System32\OpenSSH\;C:\Program Files (x86)\NVIDIA Corporation\PhysX\Common;C:\Program Files\NVIDIA Corporation\NVIDIA NvDLISR;C:\WINDOWS\system32;C:\WINDOWS;C:\WINDOWS\System32\Wbem;C:\WINDOWS\System32\WindowsPowerShell\v1.0\;C:\WINDOWS\System32\OpenSSH\;C:\Program Files\nodejs\;C:\Program Files\Git\cmd;C:\Program Files\dotnet\;C:\Program Files (x86)\Microsoft SQL Server\160\Tools\Binn\;C:\Program Files\Microsoft SQL Server\160\Tools\Binn\;C:\Program Files\Microsoft SQL Server\Client SDK\ODBC\170\Tools\Binn\;C:\Program Files\Microsoft SQL Server\160\DTS\Binn\;C:\Program Files\Microsoft SQL Server\150\Tools\Binn\;C:\Program Files (x86)\Microsoft SQL Server\160\DTS\Binn\;C:\Users\Umar Firoz\AppData\Local\Programs\Python\Python311\Scripts\;C:\Users\Umar Firoz\AppData\Local\Programs\Python\Python311\;C:\Users\Umar Firoz\AppData\Local\Microsoft\WindowsApps;C:\Users\Umar Firoz\AppData\Roaming\npm;C:\Users\Umar Firoz\AppData\Local\Programs\Microsoft VS Code\bin;C:\Program Files\Git\bin\;C:\Program Files\Git\cmd\;C:\adb\platform-tools;C:\Users\Umar Firoz\Downloads\Compressed\platform-tools_r34.0.4-windows\adb;C:\Users\Umar Firoz\.dotnet\tools;C:\Program Files\Azure Data Studio\bin

Yarn version: 
  1.22.19

Node version: 
  18.17.1

Platform: 
  win32 x64

Trace: 
  Error: EPERM: operation not permitted, unlink 'C:\Users\Umar Firoz\Desktop\analystai\node_modules\@lmdb\lmdb-win32-x64\node.abi108.node'

npm manifest: 
  {
    "name": "analystai",
    "version": "1.0.0",
    "description": "",
    "main": "index.js",
    "scripts": {
      "build": "parcel build index.html",
      "start": "parcel index.html",
      "test": "echo \"Error: no test specified\" && exit 1"
    },
    "author": "",
    "license": "ISC",
    "dependencies": {
      "@heroicons/react": "^2.0.18",
      "@types/react": "^18.2.28",
      "@types/react-dom": "^18.2.13",
      "parcel": "^2.10.0",
      "react": "^18.2.0",
      "react-beautiful-dnd": "^13.1.1",
      "react-dom": "^18.2.0",
      "react-router": "^6.16.0",
      "react-router-dom": "^6.16.0"
    },
    "devDependencies": {
      "postcss": "^8.4.31",
      "process": "^0.11.10",
      "tailwindcss": "^3.3.3"
    }
  }

yarn manifest: 
  No manifest

Lockfile: 
  No lockfile
